<?xml version="1.0" encoding="UTF-8" ?>
<testsuite tests="7" failures="0" name="com.taikang.trolls.rest.env.RestMicroservicesEnvironmentPostProcessorTest" time="0.046" errors="0" skipped="0">
  <properties>
[...]
</properties>
  <testcase classname="com.taikang.trolls.rest.env.RestMicroservicesEnvironmentPostProcessorTest" name="configProfileOnlyAndNondevelopmentEnvironment" time="0.036"/>
  <testcase classname="com.taikang.trolls.rest.env.RestMicroservicesEnvironmentPostProcessorTest" name="configProfileOnlyAndDevelopmentEnvironment" time="0.002"/>
  <testcase classname="com.taikang.trolls.rest.env.RestMicroservicesEnvironmentPostProcessorTest" name="discoveryProfileOnly" time="0.002"/>
  <testcase classname="com.taikang.trolls.rest.env.RestMicroservicesEnvironmentPostProcessorTest" name="cloudProfileAndNondevelopmentEnvironment" time="0.002"/>
  <testcase classname="com.taikang.trolls.rest.env.RestMicroservicesEnvironmentPostProcessorTest" name="developmentProperties" time="0.002"/>
  <testcase classname="com.taikang.trolls.rest.env.RestMicroservicesEnvironmentPostProcessorTest" name="nondevelopmentProperties" time="0.001"/>
  <testcase classname="com.taikang.trolls.rest.env.RestMicroservicesEnvironmentPostProcessorTest" name="cloudProfileAndDevelopmentEnvironment" time="0.001"/>
</testsuite>